# JRE version: Java(TM) SE Runtime Environment (8.0_241-b07) (build 1.8.0_241-b07)
# Java VM: Java HotSpot(TM) 64-Bit Server VM (25.241-b07 mixed mode windows-amd64 compressed oops)
Heap:
 PSYoungGen      total 45056K, used 6445K [0x00000000eb200000, 0x00000000ee500000, 0x0000000100000000)
  eden space 38912K, 16% used [0x00000000eb200000,0x00000000eb84b560,0x00000000ed800000)
  from space 6144K, 0% used [0x00000000ede80000,0x00000000ede80000,0x00000000ee480000)
  to   space 6656K, 0% used [0x00000000ed800000,0x00000000ed800000,0x00000000ede80000)
 ParOldGen       total 39424K, used 6427K [0x00000000c1600000, 0x00000000c3c80000, 0x00000000eb200000)
  object space 39424K, 16% used [0x00000000c1600000,0x00000000c1c46ff0,0x00000000c3c80000)
 Metaspace       used 24275K, capacity 25557K, committed 25984K, reserved 1073152K
  class space    used 3381K, capacity 3635K, committed 3712K, reserved 1048576K
GC Heap History (10 events):
Event: 266.940 GC heap before
{Heap before GC invocations=13 (full 1):
 PSYoungGen      total 31744K, used 28193K [0x00000000eb200000, 0x00000000ee480000, 0x0000000100000000)
  eden space 25088K, 100% used [0x00000000eb200000,0x00000000eca80000,0x00000000eca80000)
  from space 6656K, 46% used [0x00000000eca80000,0x00000000ecd88410,0x00000000ed100000)
  to   space 6144K, 0% used [0x00000000ede80000,0x00000000ede80000,0x00000000ee480000)
 ParOldGen       total 39424K, used 6665K [0x00000000c1600000, 0x00000000c3c80000, 0x00000000eb200000)
  object space 39424K, 16% used [0x00000000c1600000,0x00000000c1c82758,0x00000000c3c80000)
 Metaspace       used 23714K, capacity 25043K, committed 25088K, reserved 1071104K
  class space    used 3278K, capacity 3574K, committed 3584K, reserved 1048576K
Event: 266.949 GC heap after
Heap after GC invocations=13 (full 1):
 PSYoungGen      total 45056K, used 4254K [0x00000000eb200000, 0x00000000ee500000, 0x0000000100000000)
  eden space 38912K, 0% used [0x00000000eb200000,0x00000000eb200000,0x00000000ed800000)
  from space 6144K, 69% used [0x00000000ede80000,0x00000000ee2a79e8,0x00000000ee480000)
  to   space 6656K, 0% used [0x00000000ed800000,0x00000000ed800000,0x00000000ede80000)
 ParOldGen       total 39424K, used 6914K [0x00000000c1600000, 0x00000000c3c80000, 0x00000000eb200000)
  object space 39424K, 17% used [0x00000000c1600000,0x00000000c1cc0b78,0x00000000c3c80000)
 Metaspace       used 23714K, capacity 25043K, committed 25088K, reserved 1071104K
  class space    used 3278K, capacity 3574K, committed 3584K, reserved 1048576K
}
Event: 270.567 GC heap before
{Heap before GC invocations=14 (full 1):
 PSYoungGen      total 45056K, used 12129K [0x00000000eb200000, 0x00000000ee500000, 0x0000000100000000)
  eden space 38912K, 20% used [0x00000000eb200000,0x00000000eb9b0c80,0x00000000ed800000)
  from space 6144K, 69% used [0x00000000ede80000,0x00000000ee2a79e8,0x00000000ee480000)
  to   space 6656K, 0% used [0x00000000ed800000,0x00000000ed800000,0x00000000ede80000)
 ParOldGen       total 39424K, used 6914K [0x00000000c1600000, 0x00000000c3c80000, 0x00000000eb200000)
  object space 39424K, 17% used [0x00000000c1600000,0x00000000c1cc0b78,0x00000000c3c80000)
 Metaspace       used 24050K, capacity 25357K, committed 25472K, reserved 1075200K
  class space    used 3337K, capacity 3609K, committed 3712K, reserved 1048576K
Event: 270.572 GC heap after
Heap after GC invocations=14 (full 1):
 PSYoungGen      total 45568K, used 816K [0x00000000eb200000, 0x00000000ee500000, 0x0000000100000000)
  eden space 38912K, 0% used [0x00000000eb200000,0x00000000eb200000,0x00000000ed800000)
  from space 6656K, 12% used [0x00000000ed800000,0x00000000ed8cc348,0x00000000ede80000)
  to   space 6144K, 0% used [0x00000000ede80000,0x00000000ede80000,0x00000000ee480000)
 ParOldGen       total 39424K, used 9208K [0x00000000c1600000, 0x00000000c3c80000, 0x00000000eb200000)
  object space 39424K, 23% used [0x00000000c1600000,0x00000000c1efe398,0x00000000c3c80000)
 Metaspace       used 24050K, capacity 25357K, committed 25472K, reserved 1075200K
  class space    used 3337K, capacity 3609K, committed 3712K, reserved 1048576K
}
Event: 270.572 GC heap before
{Heap before GC invocations=15 (full 2):
 PSYoungGen      total 45568K, used 816K [0x00000000eb200000, 0x00000000ee500000, 0x0000000100000000)
  eden space 38912K, 0% used [0x00000000eb200000,0x00000000eb200000,0x00000000ed800000)
  from space 6656K, 12% used [0x00000000ed800000,0x00000000ed8cc348,0x00000000ede80000)
  to   space 6144K, 0% used [0x00000000ede80000,0x00000000ede80000,0x00000000ee480000)
 ParOldGen       total 39424K, used 9208K [0x00000000c1600000, 0x00000000c3c80000, 0x00000000eb200000)
  object space 39424K, 23% used [0x00000000c1600000,0x00000000c1efe398,0x00000000c3c80000)
 Metaspace       used 24050K, capacity 25357K, committed 25472K, reserved 1075200K
  class space    used 3337K, capacity 3609K, committed 3712K, reserved 1048576K
Event: 270.713 GC heap after
Heap after GC invocations=15 (full 2):
 PSYoungGen      total 45568K, used 0K [0x00000000eb200000, 0x00000000ee500000, 0x0000000100000000)
  eden space 38912K, 0% used [0x00000000eb200000,0x00000000eb200000,0x00000000ed800000)
  from space 6656K, 0% used [0x00000000ed800000,0x00000000ed800000,0x00000000ede80000)
  to   space 6144K, 0% used [0x00000000ede80000,0x00000000ede80000,0x00000000ee480000)
 ParOldGen       total 39424K, used 7997K [0x00000000c1600000, 0x00000000c3c80000, 0x00000000eb200000)
  object space 39424K, 20% used [0x00000000c1600000,0x00000000c1dcf5c0,0x00000000c3c80000)
 Metaspace       used 24050K, capacity 25357K, committed 25472K, reserved 1073152K
  class space    used 3337K, capacity 3609K, committed 3712K, reserved 1048576K
}
Event: 270.713 GC heap before
{Heap before GC invocations=16 (full 2):
 PSYoungGen      total 45568K, used 0K [0x00000000eb200000, 0x00000000ee500000, 0x0000000100000000)
  eden space 38912K, 0% used [0x00000000eb200000,0x00000000eb200000,0x00000000ed800000)
  from space 6656K, 0% used [0x00000000ed800000,0x00000000ed800000,0x00000000ede80000)
  to   space 6144K, 0% used [0x00000000ede80000,0x00000000ede80000,0x00000000ee480000)
 ParOldGen       total 39424K, used 7997K [0x00000000c1600000, 0x00000000c3c80000, 0x00000000eb200000)
  object space 39424K, 20% used [0x00000000c1600000,0x00000000c1dcf5c0,0x00000000c3c80000)
 Metaspace       used 24050K, capacity 25357K, committed 25472K, reserved 1077248K
  class space    used 3337K, capacity 3609K, committed 3712K, reserved 1048576K
Event: 270.714 GC heap after
Heap after GC invocations=16 (full 2):
 PSYoungGen      total 45056K, used 0K [0x00000000eb200000, 0x00000000ee500000, 0x0000000100000000)
  eden space 38912K, 0% used [0x00000000eb200000,0x00000000eb200000,0x00000000ed800000)
  from space 6144K, 0% used [0x00000000ede80000,0x00000000ede80000,0x00000000ee480000)
  to   space 6656K, 0% used [0x00000000ed800000,0x00000000ed800000,0x00000000ede80000)
 ParOldGen       total 39424K, used 7997K [0x00000000c1600000, 0x00000000c3c80000, 0x00000000eb200000)
  object space 39424K, 20% used [0x00000000c1600000,0x00000000c1dcf5c0,0x00000000c3c80000)
 Metaspace       used 24050K, capacity 25357K, committed 25472K, reserved 1077248K
  class space    used 3337K, capacity 3609K, committed 3712K, reserved 1048576K
}
Event: 270.714 GC heap before
{Heap before GC invocations=17 (full 3):
 PSYoungGen      total 45056K, used 0K [0x00000000eb200000, 0x00000000ee500000, 0x0000000100000000)
  eden space 38912K, 0% used [0x00000000eb200000,0x00000000eb200000,0x00000000ed800000)
  from space 6144K, 0% used [0x00000000ede80000,0x00000000ede80000,0x00000000ee480000)
  to   space 6656K, 0% used [0x00000000ed800000,0x00000000ed800000,0x00000000ede80000)
 ParOldGen       total 39424K, used 7997K [0x00000000c1600000, 0x00000000c3c80000, 0x00000000eb200000)
  object space 39424K, 20% used [0x00000000c1600000,0x00000000c1dcf5c0,0x00000000c3c80000)
 Metaspace       used 24050K, capacity 25357K, committed 25472K, reserved 1077248K
  class space    used 3337K, capacity 3609K, committed 3712K, reserved 1048576K
Event: 270.820 GC heap after
Heap after GC invocations=17 (full 3):
 PSYoungGen      total 45056K, used 0K [0x00000000eb200000, 0x00000000ee500000, 0x0000000100000000)
  eden space 38912K, 0% used [0x00000000eb200000,0x00000000eb200000,0x00000000ed800000)
  from space 6144K, 0% used [0x00000000ede80000,0x00000000ede80000,0x00000000ee480000)
  to   space 6656K, 0% used [0x00000000ed800000,0x00000000ed800000,0x00000000ede80000)
 ParOldGen       total 39424K, used 6427K [0x00000000c1600000, 0x00000000c3c80000, 0x00000000eb200000)
  object space 39424K, 16% used [0x00000000c1600000,0x00000000c1c46ff0,0x00000000c3c80000)
 Metaspace       used 23893K, capacity 25099K, committed 25472K, reserved 1073152K
  class space    used 3309K, capacity 3558K, committed 3712K, reserved 1048576K
}

